<?xml version="1.0" encoding="UTF-8"?>
<testng-results ignored="0" total="3" passed="3" failed="0" skipped="0">
  <reporter-output>
  </reporter-output>
  <suite started-at="2022-12-22T15:00:26 IST" name="Default suite" finished-at="2022-12-22T15:00:32 IST" duration-ms="5844">
    <groups>
    </groups>
    <test started-at="2022-12-22T15:00:26 IST" name="Default test" finished-at="2022-12-22T15:00:32 IST" duration-ms="5844">
      <class name="AddUser">
        <test-method signature="userDetails(java.lang.String,int,java.lang.String)[pri:0, instance:AddUser@5677323c]" started-at="2022-12-22T15:00:26 IST" name="userDetails" data-provider="UsersData" finished-at="2022-12-22T15:00:31 IST" duration-ms="4308" status="PASS">
          <params>
            <param index="0">
              <value>
                <![CDATA[Rama]]>
              </value>
            </param>
            <param index="1">
              <value>
                <![CDATA[100000]]>
              </value>
            </param>
            <param index="2">
              <value>
                <![CDATA[Hyderabad]]>
              </value>
            </param>
          </params>
          <reporter-output>
          </reporter-output>
        </test-method> <!-- userDetails -->
        <test-method signature="userDetails(java.lang.String,int,java.lang.String)[pri:0, instance:AddUser@5677323c]" started-at="2022-12-22T15:00:31 IST" name="userDetails" data-provider="UsersData" finished-at="2022-12-22T15:00:32 IST" duration-ms="771" status="PASS">
          <params>
            <param index="0">
              <value>
                <![CDATA[Roja]]>
              </value>
            </param>
            <param index="1">
              <value>
                <![CDATA[200000]]>
              </value>
            </param>
            <param index="2">
              <value>
                <![CDATA[Chennai]]>
              </value>
            </param>
          </params>
          <reporter-output>
          </reporter-output>
        </test-method> <!-- userDetails -->
        <test-method signature="userDetails(java.lang.String,int,java.lang.String)[pri:0, instance:AddUser@5677323c]" started-at="2022-12-22T15:00:32 IST" name="userDetails" data-provider="UsersData" finished-at="2022-12-22T15:00:32 IST" duration-ms="707" status="PASS">
          <params>
            <param index="0">
              <value>
                <![CDATA[lakshmi]]>
              </value>
            </param>
            <param index="1">
              <value>
                <![CDATA[300000]]>
              </value>
            </param>
            <param index="2">
              <value>
                <![CDATA[Bangalore]]>
              </value>
            </param>
          </params>
          <reporter-output>
          </reporter-output>
        </test-method> <!-- userDetails -->
      </class> <!-- AddUser -->
    </test> <!-- Default test -->
  </suite> <!-- Default suite -->
</testng-results>
